pcg -dp proj.pt < test6.inp
Reading POET instructions from file proj.pt
Done reading POET instructions file proj.pt
Reading POET syntax from file proj.code
Done reading POET syntax file proj.code
Reading POET input from stdin
Done reading POET input file 
Trying to match CodeVar:START + NULL with ("a" ";" "
")
Trying to match POETList:(P ";") + NULL with ("a" ";" "
")
Trying to match CodeVar:P + ";" with ("a" ";" "
")
Trying to match POETList:(E2 P2) + ";" with ("a" ";" "
")
Trying to match CodeVar:E2 + EMPTY with ("a" ";" "
")
Trying to match POETTypeTor:("(" P ")")|E3 + EMPTY with ("a" ";" "
")
Trying to match CodeVar:E3 + EMPTY with ("a" ";" "
")
Trying to match POETTypeTor:("if" E "then" E2 "else" E2)|E4 + EMPTY with ("a" ";" "
")
Trying to match CodeVar:E4 + EMPTY with ("a" ";" "
")
Trying to match POETTypeTor:("let" C "in" P "end")|E5 + EMPTY with ("a" ";" "
")
Trying to match CodeVar:E5 + EMPTY with ("a" ";" "
")
Trying to match POETTypeTor:(E ":=" E2)|E6 + EMPTY with ("a" ";" "
")
Trying to match POETList:(E ":=" E2) + EMPTY with ("a" ";" "
")
Trying to match CodeVar:E + ":=" with ("a" ";" "
")
Trying to match CodeVar:COMM + ":=" with ("a" ";" "
")
Trying to match POETList:(LOG COMM2) + ":=" with ("a" ";" "
")
Trying to match CodeVar:LOG + EMPTY with ("a" ";" "
")
Trying to match POETList:(COMP LOG2) + EMPTY with ("a" ";" "
")
Trying to match CodeVar:COMP + EMPTY with ("a" ";" "
")
Trying to match POETList:(SUM COMP2) + EMPTY with ("a" ";" "
")
Trying to match CodeVar:SUM + EMPTY with ("a" ";" "
")
Trying to match POETList:(FACT SUM2) + EMPTY with ("a" ";" "
")
Trying to match CodeVar:FACT + EMPTY with ("a" ";" "
")
Trying to match POETList:(LST FACT2) + EMPTY with ("a" ";" "
")
Trying to match CodeVar:LST + EMPTY with ("a" ";" "
")
Trying to match POETList:(OP LST2) + EMPTY with ("a" ";" "
")
Trying to match CodeVar:OP + EMPTY with ("a" ";" "
")
Trying to match POETTypeTor:("-" J)|("hd" J)|("tl" J)|("ref" J)|("!" J)|("not" J)|J + EMPTY with ("a" ";" "
")
Trying to match CodeVar:J + EMPTY with ("a" ";" "
")
Trying to match POETTypeTor:FLOAT|ID|INT|("[" COMM "]")|"[]"|("(" COMM ")") + EMPTY with ("a" ";" "
")
Trying to match POETType:ID + EMPTY with ("a" ";" "
")
Matching ID with "a"
Matching FLOAT|ID|INT|("[" COMM "]")|"[]"|("(" COMM ")") with "a"
Matching J with "a"
Matching ("-" J)|("hd" J)|("tl" J)|("ref" J)|("!" J)|("not" J)|J with "a"
Matching OP with "a"
Trying to match CodeVar:LST2 + EMPTY with (";" "
")
Trying to match POETTypeTor:("::" OP LST2)|"" + EMPTY with (";" "
")
Trying to match POETString:"" + EMPTY with (";" "
")
Matching "" with ""
Matching ("::" OP LST2)|"" with ""
Matching LST2 with ""
Matching (OP LST2) with ("a" "")
Matching LST with ("a" "")
Trying to match CodeVar:FACT2 + EMPTY with (";" "
")
Trying to match POETTypeTor:("*" LST FACT2)|("/" LST FACT2)|"" + EMPTY with (";" "
")
Trying to match POETString:"" + EMPTY with (";" "
")
Matching "" with ""
Matching ("*" LST FACT2)|("/" LST FACT2)|"" with ""
Matching FACT2 with ""
Matching (LST FACT2) with (("a" "") "")
Matching FACT with (("a" "") "")
Trying to match CodeVar:SUM2 + EMPTY with (";" "
")
Trying to match POETTypeTor:("+" FACT SUM2)|("-" FACT SUM2)|"" + EMPTY with (";" "
")
Trying to match POETString:"" + EMPTY with (";" "
")
Matching "" with ""
Matching ("+" FACT SUM2)|("-" FACT SUM2)|"" with ""
Matching SUM2 with ""
Matching (FACT SUM2) with ((("a" "") "") "")
Matching SUM with ((("a" "") "") "")
Trying to match CodeVar:COMP2 + EMPTY with (";" "
")
Trying to match POETTypeTor:("<" SUM COMP2)|(">" SUM COMP2)|("=" SUM COMP2)|("<=" SUM COMP2)|(">=" SUM COMP2)|"" + EMPTY with (";" "
")
Trying to match POETString:"" + EMPTY with (";" "
")
Matching "" with ""
Matching ("<" SUM COMP2)|(">" SUM COMP2)|("=" SUM COMP2)|("<=" SUM COMP2)|(">=" SUM COMP2)|"" with ""
Matching COMP2 with ""
Matching (SUM COMP2) with (((("a" "") "") "") "")
Matching COMP with (((("a" "") "") "") "")
Trying to match CodeVar:LOG2 + EMPTY with (";" "
")
Trying to match POETTypeTor:("and" COMP LOG2)|("or" COMP LOG2)|"" + EMPTY with (";" "
")
Trying to match POETString:"" + EMPTY with (";" "
")
Matching "" with ""
Matching ("and" COMP LOG2)|("or" COMP LOG2)|"" with ""
Matching LOG2 with ""
Matching (COMP LOG2) with ((((("a" "") "") "") "") "")
Matching LOG with ((((("a" "") "") "") "") "")
Trying to match CodeVar:COMM2 + ":=" with (";" "
")
Trying to match POETTypeTor:("," LOG COMM2)|"" + ":=" with (";" "
")
Trying to match POETString:"" + ":=" with (";" "
")
Trying to match POETString:":=" + EMPTY with (";" "
")
Line 1: syntax error : ;

At line 1 of file proj.pt from <input to=input syntax="proj.code" from=("")/>
make: *** [run] Error 1
